nohup: ignoring input
[36mINFO[0m[2022-03-02 09:11:30] Plugin(default): {"disabled":false,"json":false,"urls":["ws://localhost:8081/ws/cq/"],"event_filter":[],"api_filter":[],"regex_filter":"","regex_replace":"","extra_header":{"User-Agent":["GMC"]}} 
[36mINFO[0m[2022-03-02 09:11:30] 端口号 9000                                     
[36mINFO[0m[2022-03-02 09:11:30] 浏览器打开 http://localhost:9000/ 设置机器人           
[36mINFO[0m[2022-03-02 09:15:23] device 目录不存在，自动创建                            
[36mINFO[0m[2022-03-02 09:15:23] 生成随机设备信息                                     
[36mINFO[0m[2022-03-02 09:15:23] 保存设备信息到文件 device/device-1646183715862.json   
[36mINFO[0m[2022-03-02 09:15:23] 初始化日志                                        
[36mINFO[0m[2022-03-02 09:15:23] MiraiGo -> connect to server: 163.177.30.248:80 
[36mINFO[0m[2022-03-02 09:15:46] 生成随机设备信息                                     
[36mINFO[0m[2022-03-02 09:15:46] 使用 device/device-1646183715862.json 内的设备信息覆盖设备信息 
[36mINFO[0m[2022-03-02 09:15:46] 保存设备信息到文件 device/device-1646183715862.json   
[36mINFO[0m[2022-03-02 09:15:46] 初始化日志                                        
[36mINFO[0m[2022-03-02 09:15:46] MiraiGo -> connect to server: 180.109.192.45:8080 
[36mINFO[0m[2022-03-02 09:16:05] 登录成功                                         
[36mINFO[0m[2022-03-02 09:16:06] 收到服务器地址更新通知, 将在下一次重连时应用.                     
[36mINFO[0m[2022-03-02 09:16:10] 插件加载完成                                       
[36mINFO[0m[2022-03-02 09:16:10] 刷新好友列表                                       
[36mINFO[0m[2022-03-02 09:16:10] 共加载 8 个好友.                                   
[36mINFO[0m[2022-03-02 09:16:10] 刷新群列表                                        
[36mINFO[0m[2022-03-02 09:16:12] 共加载 6 个群.                                    
[36mINFO[0m[2022-03-02 09:16:12] 开始连接Websocket服务器 [default](ws://localhost:8081/ws/cq/) 
[36mINFO[0m[2022-03-02 09:16:13] 连接Websocket服务器成功 [default](ws://localhost:8081/ws/cq/) 
[36mINFO[0m[2022-03-02 09:16:49] Bot(2234845259) Group(757850203) -> <reply time="1646183115" sender="3453224939" raw_message="早上好亲爱的" reply_seq="2659084"/><at qq="3453224939"/> <at qq="3453224939"/> 早上好，亲爱的 
[36mINFO[0m[2022-03-02 09:16:52] Bot(2234845259) Group(757850203) ->          
[36mINFO[0m[2022-03-02 09:16:59] Bot(2234845259) Group(757850203) -> <image image_id="EE551E8D5AED7D5175FF8C7FD774CF4D.jpg" url="https://gchat.qpic.cn/gchatpic_new/3453224939/757850203-2260519166-EE551E8D5AED7D5175FF8C7FD774CF4D/0?term=3"/> 
[36mINFO[0m[2022-03-02 09:17:33] Bot(2234845259) Group(757850203) -> 好冷啊      
[36mINFO[0m[2022-03-02 09:17:36] Bot(2234845259) Group(757850203) -> 子…子安武人   
[36mINFO[0m[2022-03-02 09:17:39] Bot(2234845259) Group(757850203) -> 可恶啊      
[36mINFO[0m[2022-03-02 09:18:29] Bot(2234845259) Group(757850203) -> 打卡       
[36mINFO[0m[2022-03-02 09:18:29] Bot(2234845259) Group(757850203) <- <at qq="1902156923"/>今日打卡成功，奖励10积分 
[36mINFO[0m[2022-03-02 09:18:45] Bot(2234845259) Group(757850203) -> 打卡       
[36mINFO[0m[2022-03-02 09:18:45] Bot(2234845259) Group(757850203) <- <at qq="1491618471"/>今日打卡成功，奖励10积分 
[36mINFO[0m[2022-03-02 09:18:52] Bot(2234845259) Group(757850203) -> <image image_id="B58345D91071BD36BC0A6BE736104AC6.jpg" url="https://gchat.qpic.cn/gchatpic_new/1491618471/757850203-2651460587-B58345D91071BD36BC0A6BE736104AC6/0?term=3"/> 
