nohup: ignoring input

  .   ____          _            __ _ _
 /\\ / ___'_ __ _ _(_)_ __  __ _ \ \ \ \
( ( )\___ | '_ | '_| | '_ \/ _` | \ \ \ \
 \\/  ___)| |_)| | | | | || (_| |  ) ) ) )
  '  |____| .__|_| |_|_| |_\__, | / / / /
 =========|_|==============|___/=/_/_/_/
 :: Spring Boot ::        (v2.3.4.RELEASE)

2022-03-02 09:39:33.285  INFO 21874 --- [           main] n.l.pbbot.SpringMiraiServerApplication   : Starting SpringMiraiServerApplication v0.0.1-SNAPSHOT on iZbp1h09ipy0av4w9tslj4Z with PID 21874 (/root/spring-mirai-server-0.0.1-SNAPSHOT.jar started by root in /root)
2022-03-02 09:39:33.289  INFO 21874 --- [           main] n.l.pbbot.SpringMiraiServerApplication   : No active profile set, falling back to default profiles: default
2022-03-02 09:39:37.457  INFO 21874 --- [           main] o.s.b.w.embedded.tomcat.TomcatWebServer  : Tomcat initialized with port(s): 8081 (http)
2022-03-02 09:39:37.473  INFO 21874 --- [           main] o.apache.catalina.core.StandardService   : Starting service [Tomcat]
2022-03-02 09:39:37.473  INFO 21874 --- [           main] org.apache.catalina.core.StandardEngine  : Starting Servlet engine: [Apache Tomcat/9.0.38]
2022-03-02 09:39:37.644  INFO 21874 --- [           main] o.a.c.c.C.[Tomcat].[localhost].[/]       : Initializing Spring embedded WebApplicationContext
2022-03-02 09:39:37.644  INFO 21874 --- [           main] w.s.c.ServletWebServerApplicationContext : Root WebApplicationContext: initialization completed in 4199 ms
2022-03-02 09:39:38.251  WARN 21874 --- [           main] o.s.h.c.j.Jackson2ObjectMapperBuilder    : For Jackson Kotlin classes support please add "com.fasterxml.jackson.module:jackson-module-kotlin" to the classpath
2022-03-02 09:39:38.581  INFO 21874 --- [           main] net.lz1998.pbbot.basic.RunScript         : =====================加载excel===================
[User(groupId=757850203, qq=3020168140, integrate=10, isBolk=false, isSingin=false), User(groupId=757850203, qq=3273426536, integrate=50, isBolk=false, isSingin=false), User(groupId=757850203, qq=166381760, integrate=38, isBolk=false, isSingin=false), User(groupId=757850203, qq=2129836728, integrate=20, isBolk=false, isSingin=false), User(groupId=757850203, qq=472556925, integrate=10, isBolk=false, isSingin=false), User(groupId=757850203, qq=2146609206, integrate=10, isBolk=false, isSingin=false), User(groupId=757850203, qq=1041369170, integrate=10, isBolk=false, isSingin=false), User(groupId=757850203, qq=750178459, integrate=20, isBolk=false, isSingin=false), User(groupId=757850203, qq=3011960652, integrate=8, isBolk=false, isSingin=false), User(groupId=757850203, qq=1909135123, integrate=8, isBolk=false, isSingin=false), User(groupId=757850203, qq=1291465186, integrate=88, isBolk=false, isSingin=false), User(groupId=757850203, qq=3160132032, integrate=36, isBolk=false, isSingin=false), User(groupId=757850203, qq=1420986659, integrate=10, isBolk=false, isSingin=false), User(groupId=757850203, qq=836615759, integrate=50, isBolk=false, isSingin=false), User(groupId=757850203, qq=2029336362, integrate=8, isBolk=false, isSingin=false), User(groupId=757850203, qq=2323095852, integrate=10, isBolk=false, isSingin=false), User(groupId=757850203, qq=2110840441, integrate=10, isBolk=false, isSingin=false), User(groupId=757850203, qq=3554821835, integrate=10, isBolk=false, isSingin=false), User(groupId=757850203, qq=1017564422, integrate=20, isBolk=false, isSingin=false), User(groupId=757850203, qq=1740017910, integrate=10, isBolk=false, isSingin=false), User(groupId=757850203, qq=572743837, integrate=10, isBolk=false, isSingin=false), User(groupId=757850203, qq=2139890853, integrate=10, isBolk=false, isSingin=false), User(groupId=757850203, qq=1278185095, integrate=20, isBolk=false, isSingin=false), User(groupId=757850203, qq=1373097693, integrate=10, isBolk=false, isSingin=false), User(groupId=757850203, qq=1599474533, integrate=20, isBolk=false, isSingin=false), User(groupId=757850203, qq=3551688001, integrate=20, isBolk=false, isSingin=false), User(groupId=757850203, qq=3494964061, integrate=50, isBolk=false, isSingin=false), User(groupId=757850203, qq=2657397242, integrate=10, isBolk=false, isSingin=false), User(groupId=757850203, qq=1599675240, integrate=10, isBolk=false, isSingin=false), User(groupId=757850203, qq=2401686462, integrate=20, isBolk=false, isSingin=false), User(groupId=757850203, qq=2987078048, integrate=10, isBolk=false, isSingin=false), User(groupId=757850203, qq=1964563120, integrate=48, isBolk=false, isSingin=false), User(groupId=757850203, qq=3557655565, integrate=66, isBolk=false, isSingin=false), User(groupId=757850203, qq=1956283065, integrate=20, isBolk=false, isSingin=false), User(groupId=757850203, qq=1243057845, integrate=40, isBolk=false, isSingin=false), User(groupId=757850203, qq=2838686130, integrate=10, isBolk=false, isSingin=false), User(groupId=757850203, qq=3482177938, integrate=18, isBolk=false, isSingin=false), User(groupId=757850203, qq=3493752033, integrate=20, isBolk=false, isSingin=false), User(groupId=793893098, qq=2987078048, integrate=10, isBolk=false, isSingin=false), User(groupId=757850203, qq=1902156923, integrate=100000040, isBolk=false, isSingin=false), User(groupId=757850203, qq=2575516825, integrate=0, isBolk=false, isSingin=false), User(groupId=757850203, qq=276655602, integrate=10, isBolk=false, isSingin=false), User(groupId=757850203, qq=3087563639, integrate=30, isBolk=false, isSingin=false), User(groupId=757850203, qq=2689959435, integrate=8, isBolk=false, isSingin=false), User(groupId=757850203, qq=1099248128, integrate=10, isBolk=false, isSingin=false), User(groupId=757850203, qq=3112923521, integrate=10, isBolk=false, isSingin=false), User(groupId=757850203, qq=980450837, integrate=18, isBolk=false, isSingin=false), User(groupId=757850203, qq=2064615528, integrate=36, isBolk=false, isSingin=false), User(groupId=757850203, qq=1641768356, integrate=10, isBolk=false, isSingin=false), User(groupId=757850203, qq=3358154835, integrate=10, isBolk=false, isSingin=false), User(groupId=757850203, qq=1786977269, integrate=20, isBolk=false, isSingin=false), User(groupId=757850203, qq=270001377, integrate=10, isBolk=false, isSingin=false)]
2022-03-02 09:39:39.686  INFO 21874 --- [           main] o.s.s.concurrent.ThreadPoolTaskExecutor  : Initializing ExecutorService 'taskExecutor'
2022-03-02 09:39:39.692  INFO 21874 --- [           main] o.s.s.c.ThreadPoolTaskScheduler          : Initializing ExecutorService
2022-03-02 09:39:39.694  INFO 21874 --- [           main] o.s.s.c.ThreadPoolTaskScheduler          : Initializing ExecutorService 'taskScheduler'
2022-03-02 09:39:41.261  INFO 21874 --- [           main] o.s.b.w.embedded.tomcat.TomcatWebServer  : Tomcat started on port(s): 8081 (http) with context path ''
2022-03-02 09:39:41.295  INFO 21874 --- [           main] n.l.pbbot.SpringMiraiServerApplication   : Started SpringMiraiServerApplication in 9.643 seconds (JVM running for 10.856)
2022-03-02 09:39:41.856  INFO 21874 --- [nio-8081-exec-1] o.a.c.c.C.[Tomcat].[localhost].[/]       : Initializing Spring DispatcherServlet 'dispatcherServlet'
2022-03-02 09:39:41.857  INFO 21874 --- [nio-8081-exec-1] o.s.web.servlet.DispatcherServlet        : Initializing Servlet 'dispatcherServlet'
2022-03-02 09:39:41.888  INFO 21874 --- [nio-8081-exec-1] o.s.web.servlet.DispatcherServlet        : Completed initialization in 31 ms
[host:"localhost:8081", user-agent:"GMC", connection:"Upgrade", sec-websocket-key:"6x6cbWMxrA7eSqFMyarcGQ==", sec-websocket-version:"13", upgrade:"websocket", x-client-role:"Universal", x-self-id:"2234845259"]
新的连接2234845259
2234845259 connected
2022-03-02 09:39:46.384  INFO 21874 --- [pool-1-thread-1] net.lz1998.pbbot.aop.MyAspect            : GetLoginInfoResp net.lz1998.pbbot.bot.ApiSender.getLoginInfo(WebSocketSession,long,GetLoginInfoReq) 被调用
2022-03-02 09:39:46.567  INFO 21874 --- [pool-1-thread-2] net.lz1998.pbbot.aop.MyAspect            : LRUMap net.lz1998.pbbot.bot.ApiSender.getEchoFutureMap() 被调用
2022-03-02 09:39:46.654  INFO 21874 --- [pool-1-thread-1] net.lz1998.pbbot.plugin.LogPlugin        : 收到群消息 群号：757850203 QQ：1291465186 内容：签到
2022-03-02 09:39:46.720  INFO 21874 --- [          bot-1] net.lz1998.pbbot.aop.MyAspect            : SendGroupMsgResp net.lz1998.pbbot.bot.ApiSender.sendGroupMsg(WebSocketSession,long,SendGroupMsgReq) 被调用
2022-03-02 09:39:46.983  INFO 21874 --- [pool-1-thread-2] net.lz1998.pbbot.aop.MyAspect            : LRUMap net.lz1998.pbbot.bot.ApiSender.getEchoFutureMap() 被调用
