nohup: ignoring input

  .   ____          _            __ _ _
 /\\ / ___'_ __ _ _(_)_ __  __ _ \ \ \ \
( ( )\___ | '_ | '_| | '_ \/ _` | \ \ \ \
 \\/  ___)| |_)| | | | | || (_| |  ) ) ) )
  '  |____| .__|_| |_|_| |_\__, | / / / /
 =========|_|==============|___/=/_/_/_/
 :: Spring Boot ::        (v2.3.4.RELEASE)

2022-03-02 09:29:17.823  INFO 21761 --- [           main] n.l.pbbot.SpringMiraiServerApplication   : Starting SpringMiraiServerApplication v0.0.1-SNAPSHOT on iZbp1h09ipy0av4w9tslj4Z with PID 21761 (/root/spring-mirai-server-0.0.1-SNAPSHOT.jar started by root in /root)
2022-03-02 09:29:17.826  INFO 21761 --- [           main] n.l.pbbot.SpringMiraiServerApplication   : No active profile set, falling back to default profiles: default
2022-03-02 09:29:21.975  INFO 21761 --- [           main] o.s.b.w.embedded.tomcat.TomcatWebServer  : Tomcat initialized with port(s): 8081 (http)
2022-03-02 09:29:22.026  INFO 21761 --- [           main] o.apache.catalina.core.StandardService   : Starting service [Tomcat]
2022-03-02 09:29:22.026  INFO 21761 --- [           main] org.apache.catalina.core.StandardEngine  : Starting Servlet engine: [Apache Tomcat/9.0.38]
2022-03-02 09:29:22.208  INFO 21761 --- [           main] o.a.c.c.C.[Tomcat].[localhost].[/]       : Initializing Spring embedded WebApplicationContext
2022-03-02 09:29:22.208  INFO 21761 --- [           main] w.s.c.ServletWebServerApplicationContext : Root WebApplicationContext: initialization completed in 4227 ms
2022-03-02 09:29:22.781  WARN 21761 --- [           main] o.s.h.c.j.Jackson2ObjectMapperBuilder    : For Jackson Kotlin classes support please add "com.fasterxml.jackson.module:jackson-module-kotlin" to the classpath
2022-03-02 09:29:23.100  INFO 21761 --- [           main] net.lz1998.pbbot.basic.RunScript         : =====================加载excel===================
[User(groupId=757850203, qq=3557655565, integrate=10, isBolk=false, isSingin=false), User(groupId=757850203, qq=1243057845, integrate=10, isBolk=false, isSingin=false), User(groupId=757850203, qq=1491618471, integrate=10, isBolk=false, isSingin=false), User(groupId=757850203, qq=1902156923, integrate=10, isBolk=false, isSingin=false)]
2022-03-02 09:29:24.186  INFO 21761 --- [           main] o.s.s.concurrent.ThreadPoolTaskExecutor  : Initializing ExecutorService 'taskExecutor'
2022-03-02 09:29:25.877  INFO 21761 --- [           main] o.s.b.w.embedded.tomcat.TomcatWebServer  : Tomcat started on port(s): 8081 (http) with context path ''
2022-03-02 09:29:25.938  WARN 21761 --- [           main] ConfigServletWebServerApplicationContext : Exception encountered during context initialization - cancelling refresh attempt: org.springframework.beans.factory.BeanNotOfRequiredTypeException: Bean named 'defaultSockJsTaskScheduler' is expected to be of type 'org.springframework.scheduling.TaskScheduler' but was actually of type 'org.springframework.beans.factory.support.NullBean'
2022-03-02 09:29:25.939  INFO 21761 --- [           main] o.s.s.concurrent.ThreadPoolTaskExecutor  : Shutting down ExecutorService 'taskExecutor'
2022-03-02 09:29:25.939  INFO 21761 --- [           main] net.lz1998.pbbot.basic.RunScript         : 关闭前执行
2022-03-02 09:29:25.957  INFO 21761 --- [           main] o.apache.catalina.core.StandardService   : Stopping service [Tomcat]
2022-03-02 09:29:26.015  INFO 21761 --- [           main] ConditionEvaluationReportLoggingListener : 

Error starting ApplicationContext. To display the conditions report re-run your application with 'debug' enabled.
2022-03-02 09:29:26.020 ERROR 21761 --- [           main] o.s.boot.SpringApplication               : Application run failed

org.springframework.beans.factory.BeanNotOfRequiredTypeException: Bean named 'defaultSockJsTaskScheduler' is expected to be of type 'org.springframework.scheduling.TaskScheduler' but was actually of type 'org.springframework.beans.factory.support.NullBean'
	at org.springframework.beans.factory.support.AbstractBeanFactory.doGetBean(AbstractBeanFactory.java:399) ~[spring-beans-5.2.9.RELEASE.jar!/:5.2.9.RELEASE]
	at org.springframework.beans.factory.support.AbstractBeanFactory.getBean(AbstractBeanFactory.java:227) ~[spring-beans-5.2.9.RELEASE.jar!/:5.2.9.RELEASE]
	at org.springframework.beans.factory.support.DefaultListableBeanFactory.resolveNamedBean(DefaultListableBeanFactory.java:1175) ~[spring-beans-5.2.9.RELEASE.jar!/:5.2.9.RELEASE]
	at org.springframework.beans.factory.support.DefaultListableBeanFactory.resolveNamedBean(DefaultListableBeanFactory.java:1142) ~[spring-beans-5.2.9.RELEASE.jar!/:5.2.9.RELEASE]
	at org.springframework.scheduling.annotation.ScheduledAnnotationBeanPostProcessor.resolveSchedulerBean(ScheduledAnnotationBeanPostProcessor.java:327) ~[spring-context-5.2.9.RELEASE.jar!/:5.2.9.RELEASE]
	at org.springframework.scheduling.annotation.ScheduledAnnotationBeanPostProcessor.finishRegistration(ScheduledAnnotationBeanPostProcessor.java:256) ~[spring-context-5.2.9.RELEASE.jar!/:5.2.9.RELEASE]
	at org.springframework.scheduling.annotation.ScheduledAnnotationBeanPostProcessor.onApplicationEvent(ScheduledAnnotationBeanPostProcessor.java:233) ~[spring-context-5.2.9.RELEASE.jar!/:5.2.9.RELEASE]
	at org.springframework.scheduling.annotation.ScheduledAnnotationBeanPostProcessor.onApplicationEvent(ScheduledAnnotationBeanPostProcessor.java:105) ~[spring-context-5.2.9.RELEASE.jar!/:5.2.9.RELEASE]
	at org.springframework.context.event.SimpleApplicationEventMulticaster.doInvokeListener(SimpleApplicationEventMulticaster.java:172) ~[spring-context-5.2.9.RELEASE.jar!/:5.2.9.RELEASE]
	at org.springframework.context.event.SimpleApplicationEventMulticaster.invokeListener(SimpleApplicationEventMulticaster.java:165) ~[spring-context-5.2.9.RELEASE.jar!/:5.2.9.RELEASE]
	at org.springframework.context.event.SimpleApplicationEventMulticaster.multicastEvent(SimpleApplicationEventMulticaster.java:139) ~[spring-context-5.2.9.RELEASE.jar!/:5.2.9.RELEASE]
	at org.springframework.context.support.AbstractApplicationContext.publishEvent(AbstractApplicationContext.java:404) ~[spring-context-5.2.9.RELEASE.jar!/:5.2.9.RELEASE]
	at org.springframework.context.support.AbstractApplicationContext.publishEvent(AbstractApplicationContext.java:361) ~[spring-context-5.2.9.RELEASE.jar!/:5.2.9.RELEASE]
	at org.springframework.context.support.AbstractApplicationContext.finishRefresh(AbstractApplicationContext.java:898) ~[spring-context-5.2.9.RELEASE.jar!/:5.2.9.RELEASE]
	at org.springframework.context.support.AbstractApplicationContext.refresh(AbstractApplicationContext.java:554) ~[spring-context-5.2.9.RELEASE.jar!/:5.2.9.RELEASE]
	at org.springframework.boot.web.servlet.context.ServletWebServerApplicationContext.refresh(ServletWebServerApplicationContext.java:143) ~[spring-boot-2.3.4.RELEASE.jar!/:2.3.4.RELEASE]
	at org.springframework.boot.SpringApplication.refresh(SpringApplication.java:758) [spring-boot-2.3.4.RELEASE.jar!/:2.3.4.RELEASE]
	at org.springframework.boot.SpringApplication.refresh(SpringApplication.java:750) [spring-boot-2.3.4.RELEASE.jar!/:2.3.4.RELEASE]
	at org.springframework.boot.SpringApplication.refreshContext(SpringApplication.java:397) [spring-boot-2.3.4.RELEASE.jar!/:2.3.4.RELEASE]
	at org.springframework.boot.SpringApplication.run(SpringApplication.java:315) [spring-boot-2.3.4.RELEASE.jar!/:2.3.4.RELEASE]
	at org.springframework.boot.SpringApplication.run(SpringApplication.java:1237) [spring-boot-2.3.4.RELEASE.jar!/:2.3.4.RELEASE]
	at org.springframework.boot.SpringApplication.run(SpringApplication.java:1226) [spring-boot-2.3.4.RELEASE.jar!/:2.3.4.RELEASE]
	at net.lz1998.pbbot.SpringMiraiServerApplication.main(SpringMiraiServerApplication.java:17) [classes!/:0.0.1-SNAPSHOT]
	at sun.reflect.NativeMethodAccessorImpl.invoke0(Native Method) ~[na:1.8.0_171]
	at sun.reflect.NativeMethodAccessorImpl.invoke(NativeMethodAccessorImpl.java:62) ~[na:1.8.0_171]
	at sun.reflect.DelegatingMethodAccessorImpl.invoke(DelegatingMethodAccessorImpl.java:43) ~[na:1.8.0_171]
	at java.lang.reflect.Method.invoke(Method.java:498) ~[na:1.8.0_171]
	at org.springframework.boot.loader.MainMethodRunner.run(MainMethodRunner.java:49) [spring-mirai-server-0.0.1-SNAPSHOT.jar:0.0.1-SNAPSHOT]
	at org.springframework.boot.loader.Launcher.launch(Launcher.java:107) [spring-mirai-server-0.0.1-SNAPSHOT.jar:0.0.1-SNAPSHOT]
	at org.springframework.boot.loader.Launcher.launch(Launcher.java:58) [spring-mirai-server-0.0.1-SNAPSHOT.jar:0.0.1-SNAPSHOT]
	at org.springframework.boot.loader.JarLauncher.main(JarLauncher.java:88) [spring-mirai-server-0.0.1-SNAPSHOT.jar:0.0.1-SNAPSHOT]

